{"total": {"lines":{"total":1747,"covered":315,"skipped":0,"pct":18.03},"statements":{"total":1747,"covered":315,"skipped":0,"pct":18.03},"functions":{"total":49,"covered":14,"skipped":0,"pct":28.57},"branches":{"total":81,"covered":55,"skipped":0,"pct":67.9},"branchesTrue":{"total":0,"covered":0,"skipped":0,"pct":100}}
,"C:\\ServiceHub\\hubservi\\src\\components\\BookingDialog.tsx": {"lines":{"total":70,"covered":69,"skipped":0,"pct":98.57},"functions":{"total":5,"covered":4,"skipped":0,"pct":80},"statements":{"total":70,"covered":69,"skipped":0,"pct":98.57},"branches":{"total":16,"covered":15,"skipped":0,"pct":93.75}}
,"C:\\ServiceHub\\hubservi\\src\\components\\NavLink.tsx": {"lines":{"total":12,"covered":0,"skipped":0,"pct":0},"functions":{"total":1,"covered":0,"skipped":0,"pct":0},"statements":{"total":12,"covered":0,"skipped":0,"pct":0},"branches":{"total":1,"covered":0,"skipped":0,"pct":0}}
,"C:\\ServiceHub\\hubservi\\src\\components\\ProtectedRoute.tsx": {"lines":{"total":13,"covered":13,"skipped":0,"pct":100},"functions":{"total":1,"covered":1,"skipped":0,"pct":100},"statements":{"total":13,"covered":13,"skipped":0,"pct":100},"branches":{"total":4,"covered":4,"skipped":0,"pct":100}}
,"C:\\ServiceHub\\hubservi\\src\\components\\ReviewForm.tsx": {"lines":{"total":93,"covered":0,"skipped":0,"pct":0},"functions":{"total":1,"covered":0,"skipped":0,"pct":0},"statements":{"total":93,"covered":0,"skipped":0,"pct":0},"branches":{"total":1,"covered":0,"skipped":0,"pct":0}}
,"C:\\ServiceHub\\hubservi\\src\\components\\dashboard\\ClientDashboard.tsx": {"lines":{"total":121,"covered":0,"skipped":0,"pct":0},"functions":{"total":1,"covered":0,"skipped":0,"pct":0},"statements":{"total":121,"covered":0,"skipped":0,"pct":0},"branches":{"total":1,"covered":0,"skipped":0,"pct":0}}
,"C:\\ServiceHub\\hubservi\\src\\components\\dashboard\\ProfileForm.tsx": {"lines":{"total":80,"covered":50,"skipped":0,"pct":62.5},"functions":{"total":7,"covered":1,"skipped":0,"pct":14.28},"statements":{"total":80,"covered":50,"skipped":0,"pct":62.5},"branches":{"total":3,"covered":1,"skipped":0,"pct":33.33}}
,"C:\\ServiceHub\\hubservi\\src\\components\\dashboard\\ProviderDashboard.tsx": {"lines":{"total":243,"covered":0,"skipped":0,"pct":0},"functions":{"total":1,"covered":0,"skipped":0,"pct":0},"statements":{"total":243,"covered":0,"skipped":0,"pct":0},"branches":{"total":1,"covered":0,"skipped":0,"pct":0}}
,"C:\\ServiceHub\\hubservi\\src\\components\\dashboard\\ServiceForm.tsx": {"lines":{"total":157,"covered":130,"skipped":0,"pct":82.8},"functions":{"total":11,"covered":5,"skipped":0,"pct":45.45},"statements":{"total":157,"covered":130,"skipped":0,"pct":82.8},"branches":{"total":34,"covered":28,"skipped":0,"pct":82.35}}
,"C:\\ServiceHub\\hubservi\\src\\components\\layout\\Footer.tsx": {"lines":{"total":16,"covered":0,"skipped":0,"pct":0},"functions":{"total":1,"covered":0,"skipped":0,"pct":0},"statements":{"total":16,"covered":0,"skipped":0,"pct":0},"branches":{"total":1,"covered":0,"skipped":0,"pct":0}}
,"C:\\ServiceHub\\hubservi\\src\\components\\layout\\Header.tsx": {"lines":{"total":52,"covered":0,"skipped":0,"pct":0},"functions":{"total":1,"covered":0,"skipped":0,"pct":0},"statements":{"total":52,"covered":0,"skipped":0,"pct":0},"branches":{"total":1,"covered":0,"skipped":0,"pct":0}}
,"C:\\ServiceHub\\hubservi\\src\\components\\layout\\Layout.tsx": {"lines":{"total":8,"covered":0,"skipped":0,"pct":0},"functions":{"total":1,"covered":0,"skipped":0,"pct":0},"statements":{"total":8,"covered":0,"skipped":0,"pct":0},"branches":{"total":1,"covered":0,"skipped":0,"pct":0}}
,"C:\\ServiceHub\\hubservi\\src\\contexts\\AuthContext.tsx": {"lines":{"total":63,"covered":0,"skipped":0,"pct":0},"functions":{"total":1,"covered":0,"skipped":0,"pct":0},"statements":{"total":63,"covered":0,"skipped":0,"pct":0},"branches":{"total":1,"covered":0,"skipped":0,"pct":0}}
,"C:\\ServiceHub\\hubservi\\src\\hooks\\use-mobile.tsx": {"lines":{"total":15,"covered":0,"skipped":0,"pct":0},"functions":{"total":1,"covered":0,"skipped":0,"pct":0},"statements":{"total":15,"covered":0,"skipped":0,"pct":0},"branches":{"total":1,"covered":0,"skipped":0,"pct":0}}
,"C:\\ServiceHub\\hubservi\\src\\hooks\\use-toast.ts": {"lines":{"total":125,"covered":15,"skipped":0,"pct":12},"functions":{"total":6,"covered":0,"skipped":0,"pct":0},"statements":{"total":125,"covered":15,"skipped":0,"pct":12},"branches":{"total":0,"covered":0,"skipped":0,"pct":100}}
,"C:\\ServiceHub\\hubservi\\src\\integrations\\supabase\\views.ts": {"lines":{"total":18,"covered":0,"skipped":0,"pct":0},"functions":{"total":1,"covered":0,"skipped":0,"pct":0},"statements":{"total":18,"covered":0,"skipped":0,"pct":0},"branches":{"total":1,"covered":0,"skipped":0,"pct":0}}
,"C:\\ServiceHub\\hubservi\\src\\lib\\utils.ts": {"lines":{"total":4,"covered":4,"skipped":0,"pct":100},"functions":{"total":1,"covered":1,"skipped":0,"pct":100},"statements":{"total":4,"covered":4,"skipped":0,"pct":100},"branches":{"total":1,"covered":1,"skipped":0,"pct":100}}
,"C:\\ServiceHub\\hubservi\\src\\lib\\schemas\\auth.ts": {"lines":{"total":14,"covered":0,"skipped":0,"pct":0},"functions":{"total":1,"covered":0,"skipped":0,"pct":0},"statements":{"total":14,"covered":0,"skipped":0,"pct":0},"branches":{"total":1,"covered":0,"skipped":0,"pct":0}}
,"C:\\ServiceHub\\hubservi\\src\\lib\\schemas\\service.ts": {"lines":{"total":19,"covered":19,"skipped":0,"pct":100},"functions":{"total":1,"covered":1,"skipped":0,"pct":100},"statements":{"total":19,"covered":19,"skipped":0,"pct":100},"branches":{"total":2,"covered":2,"skipped":0,"pct":100}}
,"C:\\ServiceHub\\hubservi\\src\\pages\\Auth.tsx": {"lines":{"total":166,"covered":0,"skipped":0,"pct":0},"functions":{"total":1,"covered":0,"skipped":0,"pct":0},"statements":{"total":166,"covered":0,"skipped":0,"pct":0},"branches":{"total":1,"covered":0,"skipped":0,"pct":0}}
,"C:\\ServiceHub\\hubservi\\src\\pages\\Dashboard.tsx": {"lines":{"total":15,"covered":15,"skipped":0,"pct":100},"functions":{"total":1,"covered":1,"skipped":0,"pct":100},"statements":{"total":15,"covered":15,"skipped":0,"pct":100},"branches":{"total":5,"covered":4,"skipped":0,"pct":80}}
,"C:\\ServiceHub\\hubservi\\src\\pages\\Index.tsx": {"lines":{"total":49,"covered":0,"skipped":0,"pct":0},"functions":{"total":1,"covered":0,"skipped":0,"pct":0},"statements":{"total":49,"covered":0,"skipped":0,"pct":0},"branches":{"total":1,"covered":0,"skipped":0,"pct":0}}
,"C:\\ServiceHub\\hubservi\\src\\pages\\NotFound.tsx": {"lines":{"total":15,"covered":0,"skipped":0,"pct":0},"functions":{"total":1,"covered":0,"skipped":0,"pct":0},"statements":{"total":15,"covered":0,"skipped":0,"pct":0},"branches":{"total":1,"covered":0,"skipped":0,"pct":0}}
,"C:\\ServiceHub\\hubservi\\src\\pages\\ServiceDetail.tsx": {"lines":{"total":183,"covered":0,"skipped":0,"pct":0},"functions":{"total":1,"covered":0,"skipped":0,"pct":0},"statements":{"total":183,"covered":0,"skipped":0,"pct":0},"branches":{"total":1,"covered":0,"skipped":0,"pct":0}}
,"C:\\ServiceHub\\hubservi\\src\\pages\\Services.tsx": {"lines":{"total":196,"covered":0,"skipped":0,"pct":0},"functions":{"total":1,"covered":0,"skipped":0,"pct":0},"statements":{"total":196,"covered":0,"skipped":0,"pct":0},"branches":{"total":1,"covered":0,"skipped":0,"pct":0}}
}
